error: uncaughtException: FATAL ERROR: jwtPrivate key is not defined
Error: FATAL ERROR: jwtPrivate key is not defined
    at module.exports (/Users/tez/Desktop/university/node/vidly-app/startup/config.js:5:11)
    at Object.<anonymous> (/Users/tez/Desktop/university/node/vidly-app/app.js:17:28)
    at Module._compile (internal/modules/cjs/loader.js:1157:30)
    at Object.Module._extensions..js (internal/modules/cjs/loader.js:1177:10)
    at Module.load (internal/modules/cjs/loader.js:1001:32)
    at Function.Module._load (internal/modules/cjs/loader.js:900:14)
    at Function.executeUserEntryPoint [as runMain] (internal/modules/run_main.js:74:12)
    at internal/main/run_main_module.js:18:47 {"error":{},"stack":"Error: FATAL ERROR: jwtPrivate key is not defined\n    at module.exports (/Users/tez/Desktop/university/node/vidly-app/startup/config.js:5:11)\n    at Object.<anonymous> (/Users/tez/Desktop/university/node/vidly-app/app.js:17:28)\n    at Module._compile (internal/modules/cjs/loader.js:1157:30)\n    at Object.Module._extensions..js (internal/modules/cjs/loader.js:1177:10)\n    at Module.load (internal/modules/cjs/loader.js:1001:32)\n    at Function.Module._load (internal/modules/cjs/loader.js:900:14)\n    at Function.executeUserEntryPoint [as runMain] (internal/modules/run_main.js:74:12)\n    at internal/main/run_main_module.js:18:47","exception":true,"date":"Fri Apr 24 2020 10:26:43 GMT-0400 (Eastern Daylight Time)","process":{"pid":21787,"uid":501,"gid":20,"cwd":"/Users/tez/Desktop/university/node/vidly-app","execPath":"/usr/local/bin/node","version":"v12.16.0","argv":["/usr/local/bin/node","/Users/tez/Desktop/university/node/vidly-app/app.js"],"memoryUsage":{"rss":67395584,"heapTotal":37027840,"heapUsed":23115960,"external":19647493}},"os":{"loadavg":[1.9423828125,1.83984375,1.7724609375],"uptime":43476},"trace":[{"column":11,"file":"/Users/tez/Desktop/university/node/vidly-app/startup/config.js","function":"module.exports","line":5,"method":"exports","native":false},{"column":28,"file":"/Users/tez/Desktop/university/node/vidly-app/app.js","function":null,"line":17,"method":null,"native":false},{"column":30,"file":"internal/modules/cjs/loader.js","function":"Module._compile","line":1157,"method":"_compile","native":false},{"column":10,"file":"internal/modules/cjs/loader.js","function":"Module._extensions..js","line":1177,"method":".js","native":false},{"column":32,"file":"internal/modules/cjs/loader.js","function":"Module.load","line":1001,"method":"load","native":false},{"column":14,"file":"internal/modules/cjs/loader.js","function":"Module._load","line":900,"method":"_load","native":false},{"column":12,"file":"internal/modules/run_main.js","function":"Function.executeUserEntryPoint [as runMain]","line":74,"method":"executeUserEntryPoint [as runMain]","native":false},{"column":47,"file":"internal/main/run_main_module.js","function":null,"line":18,"method":null,"native":false}]}
error: uncaughtException: FATAL ERROR: jwtPrivate key is not defined
Error: FATAL ERROR: jwtPrivate key is not defined
    at module.exports (/Users/tez/Desktop/university/node/vidly-app/startup/config.js:5:11)
    at Object.<anonymous> (/Users/tez/Desktop/university/node/vidly-app/app.js:17:28)
    at Module._compile (internal/modules/cjs/loader.js:1157:30)
    at Object.Module._extensions..js (internal/modules/cjs/loader.js:1177:10)
    at Module.load (internal/modules/cjs/loader.js:1001:32)
    at Function.Module._load (internal/modules/cjs/loader.js:900:14)
    at Function.executeUserEntryPoint [as runMain] (internal/modules/run_main.js:74:12)
    at internal/main/run_main_module.js:18:47 {"error":{},"stack":"Error: FATAL ERROR: jwtPrivate key is not defined\n    at module.exports (/Users/tez/Desktop/university/node/vidly-app/startup/config.js:5:11)\n    at Object.<anonymous> (/Users/tez/Desktop/university/node/vidly-app/app.js:17:28)\n    at Module._compile (internal/modules/cjs/loader.js:1157:30)\n    at Object.Module._extensions..js (internal/modules/cjs/loader.js:1177:10)\n    at Module.load (internal/modules/cjs/loader.js:1001:32)\n    at Function.Module._load (internal/modules/cjs/loader.js:900:14)\n    at Function.executeUserEntryPoint [as runMain] (internal/modules/run_main.js:74:12)\n    at internal/main/run_main_module.js:18:47","exception":true,"date":"Fri Apr 24 2020 10:28:12 GMT-0400 (Eastern Daylight Time)","process":{"pid":22064,"uid":501,"gid":20,"cwd":"/Users/tez/Desktop/university/node/vidly-app","execPath":"/usr/local/bin/node","version":"v12.16.0","argv":["/usr/local/bin/node","/Users/tez/Desktop/university/node/vidly-app/app.js"],"memoryUsage":{"rss":67907584,"heapTotal":37027840,"heapUsed":23033672,"external":19634166}},"os":{"loadavg":[1.54541015625,1.70751953125,1.72509765625],"uptime":43565},"trace":[{"column":11,"file":"/Users/tez/Desktop/university/node/vidly-app/startup/config.js","function":"module.exports","line":5,"method":"exports","native":false},{"column":28,"file":"/Users/tez/Desktop/university/node/vidly-app/app.js","function":null,"line":17,"method":null,"native":false},{"column":30,"file":"internal/modules/cjs/loader.js","function":"Module._compile","line":1157,"method":"_compile","native":false},{"column":10,"file":"internal/modules/cjs/loader.js","function":"Module._extensions..js","line":1177,"method":".js","native":false},{"column":32,"file":"internal/modules/cjs/loader.js","function":"Module.load","line":1001,"method":"load","native":false},{"column":14,"file":"internal/modules/cjs/loader.js","function":"Module._load","line":900,"method":"_load","native":false},{"column":12,"file":"internal/modules/run_main.js","function":"Function.executeUserEntryPoint [as runMain]","line":74,"method":"executeUserEntryPoint [as runMain]","native":false},{"column":47,"file":"internal/main/run_main_module.js","function":null,"line":18,"method":null,"native":false}]}
error: uncaughtException: FATAL ERROR: jwtPrivate key is not defined
Error: FATAL ERROR: jwtPrivate key is not defined
    at module.exports (/Users/tez/Desktop/university/node/vidly-app/startup/config.js:5:11)
    at Object.<anonymous> (/Users/tez/Desktop/university/node/vidly-app/app.js:17:28)
    at Module._compile (internal/modules/cjs/loader.js:1157:30)
    at Object.Module._extensions..js (internal/modules/cjs/loader.js:1177:10)
    at Module.load (internal/modules/cjs/loader.js:1001:32)
    at Function.Module._load (internal/modules/cjs/loader.js:900:14)
    at Function.executeUserEntryPoint [as runMain] (internal/modules/run_main.js:74:12)
    at internal/main/run_main_module.js:18:47 {"error":{},"stack":"Error: FATAL ERROR: jwtPrivate key is not defined\n    at module.exports (/Users/tez/Desktop/university/node/vidly-app/startup/config.js:5:11)\n    at Object.<anonymous> (/Users/tez/Desktop/university/node/vidly-app/app.js:17:28)\n    at Module._compile (internal/modules/cjs/loader.js:1157:30)\n    at Object.Module._extensions..js (internal/modules/cjs/loader.js:1177:10)\n    at Module.load (internal/modules/cjs/loader.js:1001:32)\n    at Function.Module._load (internal/modules/cjs/loader.js:900:14)\n    at Function.executeUserEntryPoint [as runMain] (internal/modules/run_main.js:74:12)\n    at internal/main/run_main_module.js:18:47","exception":true,"date":"Fri Apr 24 2020 10:28:54 GMT-0400 (Eastern Daylight Time)","process":{"pid":22191,"uid":501,"gid":20,"cwd":"/Users/tez/Desktop/university/node/vidly-app","execPath":"/usr/local/bin/node","version":"v12.16.0","argv":["/usr/local/bin/node","/Users/tez/Desktop/university/node/vidly-app/app.js"],"memoryUsage":{"rss":68313088,"heapTotal":37289984,"heapUsed":22976600,"external":19625974}},"os":{"loadavg":[1.4091796875,1.65185546875,1.703125],"uptime":43607},"trace":[{"column":11,"file":"/Users/tez/Desktop/university/node/vidly-app/startup/config.js","function":"module.exports","line":5,"method":"exports","native":false},{"column":28,"file":"/Users/tez/Desktop/university/node/vidly-app/app.js","function":null,"line":17,"method":null,"native":false},{"column":30,"file":"internal/modules/cjs/loader.js","function":"Module._compile","line":1157,"method":"_compile","native":false},{"column":10,"file":"internal/modules/cjs/loader.js","function":"Module._extensions..js","line":1177,"method":".js","native":false},{"column":32,"file":"internal/modules/cjs/loader.js","function":"Module.load","line":1001,"method":"load","native":false},{"column":14,"file":"internal/modules/cjs/loader.js","function":"Module._load","line":900,"method":"_load","native":false},{"column":12,"file":"internal/modules/run_main.js","function":"Function.executeUserEntryPoint [as runMain]","line":74,"method":"executeUserEntryPoint [as runMain]","native":false},{"column":47,"file":"internal/main/run_main_module.js","function":null,"line":18,"method":null,"native":false}]}
error: uncaughtException: FATAL ERROR: jwtPrivate key is not defined
Error: FATAL ERROR: jwtPrivate key is not defined
    at module.exports (/Users/tez/Desktop/university/node/vidly-app/startup/config.js:5:11)
    at Object.<anonymous> (/Users/tez/Desktop/university/node/vidly-app/app.js:17:28)
    at Module._compile (internal/modules/cjs/loader.js:1157:30)
    at Object.Module._extensions..js (internal/modules/cjs/loader.js:1177:10)
    at Module.load (internal/modules/cjs/loader.js:1001:32)
    at Function.Module._load (internal/modules/cjs/loader.js:900:14)
    at Function.executeUserEntryPoint [as runMain] (internal/modules/run_main.js:74:12)
    at internal/main/run_main_module.js:18:47 {"error":{},"stack":"Error: FATAL ERROR: jwtPrivate key is not defined\n    at module.exports (/Users/tez/Desktop/university/node/vidly-app/startup/config.js:5:11)\n    at Object.<anonymous> (/Users/tez/Desktop/university/node/vidly-app/app.js:17:28)\n    at Module._compile (internal/modules/cjs/loader.js:1157:30)\n    at Object.Module._extensions..js (internal/modules/cjs/loader.js:1177:10)\n    at Module.load (internal/modules/cjs/loader.js:1001:32)\n    at Function.Module._load (internal/modules/cjs/loader.js:900:14)\n    at Function.executeUserEntryPoint [as runMain] (internal/modules/run_main.js:74:12)\n    at internal/main/run_main_module.js:18:47","exception":true,"date":"Fri Apr 24 2020 10:31:31 GMT-0400 (Eastern Daylight Time)","process":{"pid":22703,"uid":501,"gid":20,"cwd":"/Users/tez/Desktop/university/node/vidly-app","execPath":"/usr/local/bin/node","version":"v12.16.0","argv":["/usr/local/bin/node","/Users/tez/Desktop/university/node/vidly-app/app.js"],"memoryUsage":{"rss":68091904,"heapTotal":37552128,"heapUsed":23009584,"external":19647493}},"os":{"loadavg":[1.52392578125,1.6796875,1.70751953125],"uptime":43764},"trace":[{"column":11,"file":"/Users/tez/Desktop/university/node/vidly-app/startup/config.js","function":"module.exports","line":5,"method":"exports","native":false},{"column":28,"file":"/Users/tez/Desktop/university/node/vidly-app/app.js","function":null,"line":17,"method":null,"native":false},{"column":30,"file":"internal/modules/cjs/loader.js","function":"Module._compile","line":1157,"method":"_compile","native":false},{"column":10,"file":"internal/modules/cjs/loader.js","function":"Module._extensions..js","line":1177,"method":".js","native":false},{"column":32,"file":"internal/modules/cjs/loader.js","function":"Module.load","line":1001,"method":"load","native":false},{"column":14,"file":"internal/modules/cjs/loader.js","function":"Module._load","line":900,"method":"_load","native":false},{"column":12,"file":"internal/modules/run_main.js","function":"Function.executeUserEntryPoint [as runMain]","line":74,"method":"executeUserEntryPoint [as runMain]","native":false},{"column":47,"file":"internal/main/run_main_module.js","function":null,"line":18,"method":null,"native":false}]}
error: uncaughtException: FATAL ERROR: jwtPrivate key is not defined
Error: FATAL ERROR: jwtPrivate key is not defined
    at module.exports (/Users/tez/Desktop/university/node/vidly-app/startup/config.js:5:11)
    at Object.<anonymous> (/Users/tez/Desktop/university/node/vidly-app/app.js:17:28)
    at Module._compile (internal/modules/cjs/loader.js:1157:30)
    at Object.Module._extensions..js (internal/modules/cjs/loader.js:1177:10)
    at Module.load (internal/modules/cjs/loader.js:1001:32)
    at Function.Module._load (internal/modules/cjs/loader.js:900:14)
    at Function.executeUserEntryPoint [as runMain] (internal/modules/run_main.js:74:12)
    at internal/main/run_main_module.js:18:47 {"error":{},"stack":"Error: FATAL ERROR: jwtPrivate key is not defined\n    at module.exports (/Users/tez/Desktop/university/node/vidly-app/startup/config.js:5:11)\n    at Object.<anonymous> (/Users/tez/Desktop/university/node/vidly-app/app.js:17:28)\n    at Module._compile (internal/modules/cjs/loader.js:1157:30)\n    at Object.Module._extensions..js (internal/modules/cjs/loader.js:1177:10)\n    at Module.load (internal/modules/cjs/loader.js:1001:32)\n    at Function.Module._load (internal/modules/cjs/loader.js:900:14)\n    at Function.executeUserEntryPoint [as runMain] (internal/modules/run_main.js:74:12)\n    at internal/main/run_main_module.js:18:47","exception":true,"date":"Fri Apr 24 2020 10:32:31 GMT-0400 (Eastern Daylight Time)","process":{"pid":22900,"uid":501,"gid":20,"cwd":"/Users/tez/Desktop/university/node/vidly-app","execPath":"/usr/local/bin/node","version":"v12.16.0","argv":["/usr/local/bin/node","/Users/tez/Desktop/university/node/vidly-app/app.js"],"memoryUsage":{"rss":69500928,"heapTotal":37027840,"heapUsed":22957912,"external":19605547}},"os":{"loadavg":[1.4990234375,1.6318359375,1.68408203125],"uptime":43824},"trace":[{"column":11,"file":"/Users/tez/Desktop/university/node/vidly-app/startup/config.js","function":"module.exports","line":5,"method":"exports","native":false},{"column":28,"file":"/Users/tez/Desktop/university/node/vidly-app/app.js","function":null,"line":17,"method":null,"native":false},{"column":30,"file":"internal/modules/cjs/loader.js","function":"Module._compile","line":1157,"method":"_compile","native":false},{"column":10,"file":"internal/modules/cjs/loader.js","function":"Module._extensions..js","line":1177,"method":".js","native":false},{"column":32,"file":"internal/modules/cjs/loader.js","function":"Module.load","line":1001,"method":"load","native":false},{"column":14,"file":"internal/modules/cjs/loader.js","function":"Module._load","line":900,"method":"_load","native":false},{"column":12,"file":"internal/modules/run_main.js","function":"Function.executeUserEntryPoint [as runMain]","line":74,"method":"executeUserEntryPoint [as runMain]","native":false},{"column":47,"file":"internal/main/run_main_module.js","function":null,"line":18,"method":null,"native":false}]}
